This is pdfTeX, Version 3.141592653-2.6-1.40.23 (TeX Live 2021/Arch Linux) (preloaded format=pdflatex 2022.1.26)  22 FEB 2022 22:59
entering extended mode
 restricted \write18 enabled.
 %&-line parsing enabled.
**proposal.tex
(./proposal.tex
LaTeX2e <2021-11-15> patch level 1
L3 programming layer <2021-11-22>
(/usr/share/texmf-dist/tex/latex/base/article.cls
Document Class: article 2021/10/04 v1.4n Standard LaTeX document class
(/usr/share/texmf-dist/tex/latex/base/size12.clo
File: size12.clo 2021/10/04 v1.4n Standard LaTeX file (size option)
)
\c@part=\count183
\c@section=\count184
\c@subsection=\count185
\c@subsubsection=\count186
\c@paragraph=\count187
\c@subparagraph=\count188
\c@figure=\count189
\c@table=\count190
\abovecaptionskip=\skip47
\belowcaptionskip=\skip48
\bibindent=\dimen138
)
(/usr/share/texmf-dist/tex/latex/geometry/geometry.sty
Package: geometry 2020/01/02 v5.9 Page Geometry

(/usr/share/texmf-dist/tex/latex/graphics/keyval.sty
Package: keyval 2014/10/28 v1.15 key=value parser (DPC)
\KV@toks@=\toks16
)
(/usr/share/texmf-dist/tex/generic/iftex/ifvtex.sty
Package: ifvtex 2019/10/25 v1.7 ifvtex legacy package. Use iftex instead.

(/usr/share/texmf-dist/tex/generic/iftex/iftex.sty
Package: iftex 2020/03/06 v1.0d TeX engine tests
))
\Gm@cnth=\count191
\Gm@cntv=\count192
\c@Gm@tempcnt=\count193
\Gm@bindingoffset=\dimen139
\Gm@wd@mp=\dimen140
\Gm@odd@mp=\dimen141
\Gm@even@mp=\dimen142
\Gm@layoutwidth=\dimen143
\Gm@layoutheight=\dimen144
\Gm@layouthoffset=\dimen145
\Gm@layoutvoffset=\dimen146
\Gm@dimlist=\toks17
)
(/usr/share/texmf-dist/tex/generic/babel/babel.sty
Package: babel 2021/11/29 3.67 The Babel package
\babel@savecnt=\count194
\U@D=\dimen147
\l@unhyphenated=\language87

(/usr/share/texmf-dist/tex/generic/babel/txtbabel.def)
\bbl@readstream=\read2
\bbl@dirlevel=\count195

(/usr/share/texmf-dist/tex/generic/babel-english/english.ldf
Language: english 2017/06/06 v3.3r English support from the babel system
Package babel Info: Hyphen rules for 'canadian' set to \l@english
(babel)             (\language0). Reported on input line 102.
Package babel Info: Hyphen rules for 'australian' set to \l@ukenglish
(babel)             (\language21). Reported on input line 105.
Package babel Info: Hyphen rules for 'newzealand' set to \l@ukenglish
(babel)             (\language21). Reported on input line 108.
))
(/usr/share/texmf-dist/tex/latex/base/inputenc.sty
Package: inputenc 2021/02/14 v1.3d Input encoding file
\inpenc@prehook=\toks18
\inpenc@posthook=\toks19
)
(/usr/share/texmf-dist/tex/latex/psnfss/times.sty
Package: times 2020/03/25 PSNFSS-v9.3 (SPQR) 
)
(/usr/share/texmf-dist/tex/latex/titlesec/titlesec.sty
Package: titlesec 2021/07/05 v2.14 Sectioning titles
\ttl@box=\box50
\beforetitleunit=\skip49
\aftertitleunit=\skip50
\ttl@plus=\dimen148
\ttl@minus=\dimen149
\ttl@toksa=\toks20
\titlewidth=\dimen150
\titlewidthlast=\dimen151
\titlewidthfirst=\dimen152
)
(/usr/share/texmf-dist/tex/latex/graphics/graphicx.sty
Package: graphicx 2021/09/16 v1.2d Enhanced LaTeX Graphics (DPC,SPQR)

(/usr/share/texmf-dist/tex/latex/graphics/graphics.sty
Package: graphics 2021/03/04 v1.4d Standard LaTeX Graphics (DPC,SPQR)

(/usr/share/texmf-dist/tex/latex/graphics/trig.sty
Package: trig 2021/08/11 v1.11 sin cos tan (DPC)
)
(/usr/share/texmf-dist/tex/latex/graphics-cfg/graphics.cfg
File: graphics.cfg 2016/06/04 v1.11 sample graphics configuration
)
Package graphics Info: Driver file: pdftex.def on input line 107.

(/usr/share/texmf-dist/tex/latex/graphics-def/pdftex.def
File: pdftex.def 2020/10/05 v1.2a Graphics/color driver for pdftex
))
\Gin@req@height=\dimen153
\Gin@req@width=\dimen154
)
(/usr/share/texmf-dist/tex/latex/enumitem/enumitem.sty
Package: enumitem 2019/06/20 v3.9 Customized lists
\labelindent=\skip51
\enit@outerparindent=\dimen155
\enit@toks=\toks21
\enit@inbox=\box51
\enit@count@id=\count196
\enitdp@description=\count197
)
(/usr/share/texmf-dist/tex/latex/colortbl/colortbl.sty
Package: colortbl 2020/01/04 v1.0e Color table columns (DPC)

(/usr/share/texmf-dist/tex/latex/tools/array.sty
Package: array 2021/10/04 v2.5f Tabular extension package (FMi)
\col@sep=\dimen156
\ar@mcellbox=\box52
\extrarowheight=\dimen157
\NC@list=\toks22
\extratabsurround=\skip52
\backup@length=\skip53
\ar@cellbox=\box53
)
(/usr/share/texmf-dist/tex/latex/graphics/color.sty
Package: color 2021/12/07 v1.3c Standard LaTeX Color (DPC)

(/usr/share/texmf-dist/tex/latex/graphics-cfg/color.cfg
File: color.cfg 2016/01/02 v1.6 sample color configuration
)
Package color Info: Driver file: pdftex.def on input line 149.
)
\everycr=\toks23
\minrowclearance=\skip54
)
(/usr/share/texmf-dist/tex/latex/float/float.sty
Package: float 2001/11/08 v1.3d Float enhancements (AL)
\c@float@type=\count198
\float@exts=\toks24
\float@box=\box54
\@float@everytoks=\toks25
\@floatcapt=\box55
)
(/usr/share/texmf-dist/tex/latex/acronym/acronym.sty
Package: acronym 2020/04/17 v1.47 Support for acronyms (Tobias Oetiker)

(/usr/share/texmf-dist/tex/latex/bigfoot/suffix.sty
Package: suffix 2006/07/15 1.5a Variant command support
)
(/usr/share/texmf-dist/tex/generic/xstring/xstring.sty
(/usr/share/texmf-dist/tex/generic/xstring/xstring.tex
\integerpart=\count199
\decimalpart=\count266
)
Package: xstring 2021/07/21 v1.84 String manipulations (CT)
)
\AC@clearlist=\toks26
)
(/usr/share/texmf-dist/tex/latex/tocloft/tocloft.sty
Package: tocloft 2017/08/31 v2.3i parameterised ToC, etc., typesetting
Package tocloft Info: The document has section divisions on input line 51.
\cftparskip=\skip55
\cftbeforetoctitleskip=\skip56
\cftaftertoctitleskip=\skip57
\cftbeforepartskip=\skip58
\cftpartnumwidth=\skip59
\cftpartindent=\skip60
\cftbeforesecskip=\skip61
\cftsecindent=\skip62
\cftsecnumwidth=\skip63
\cftbeforesubsecskip=\skip64
\cftsubsecindent=\skip65
\cftsubsecnumwidth=\skip66
\cftbeforesubsubsecskip=\skip67
\cftsubsubsecindent=\skip68
\cftsubsubsecnumwidth=\skip69
\cftbeforeparaskip=\skip70
\cftparaindent=\skip71
\cftparanumwidth=\skip72
\cftbeforesubparaskip=\skip73
\cftsubparaindent=\skip74
\cftsubparanumwidth=\skip75
\cftbeforeloftitleskip=\skip76
\cftafterloftitleskip=\skip77
\cftbeforefigskip=\skip78
\cftfigindent=\skip79
\cftfignumwidth=\skip80
\c@lofdepth=\count267
\c@lotdepth=\count268
\cftbeforelottitleskip=\skip81
\cftafterlottitleskip=\skip82
\cftbeforetabskip=\skip83
\cfttabindent=\skip84
\cfttabnumwidth=\skip85
)
(/usr/share/texmf-dist/tex/latex/setspace/setspace.sty
Package: setspace 2011/12/19 v6.7a set line spacing
)
(/usr/share/texmf-dist/tex/latex/url/url.sty
\Urlmuskip=\muskip16
Package: url 2013/09/16  ver 3.4  Verb mode for urls, etc.
)
(/usr/share/texmf-dist/tex/latex/hyperref/hyperref.sty
Package: hyperref 2021-06-07 v7.00m Hypertext links for LaTeX

(/usr/share/texmf-dist/tex/generic/ltxcmds/ltxcmds.sty
Package: ltxcmds 2020-05-10 v1.25 LaTeX kernel commands for general use (HO)
)
(/usr/share/texmf-dist/tex/generic/pdftexcmds/pdftexcmds.sty
Package: pdftexcmds 2020-06-27 v0.33 Utility functions of pdfTeX for LuaTeX (HO
)

(/usr/share/texmf-dist/tex/generic/infwarerr/infwarerr.sty
Package: infwarerr 2019/12/03 v1.5 Providing info/warning/error messages (HO)
)
Package pdftexcmds Info: \pdf@primitive is available.
Package pdftexcmds Info: \pdf@ifprimitive is available.
Package pdftexcmds Info: \pdfdraftmode found.
)
(/usr/share/texmf-dist/tex/generic/kvsetkeys/kvsetkeys.sty
Package: kvsetkeys 2019/12/15 v1.18 Key value parser (HO)
)
(/usr/share/texmf-dist/tex/generic/kvdefinekeys/kvdefinekeys.sty
Package: kvdefinekeys 2019-12-19 v1.6 Define keys (HO)
)
(/usr/share/texmf-dist/tex/generic/pdfescape/pdfescape.sty
Package: pdfescape 2019/12/09 v1.15 Implements pdfTeX's escape features (HO)
)
(/usr/share/texmf-dist/tex/latex/hycolor/hycolor.sty
Package: hycolor 2020-01-27 v1.10 Color options for hyperref/bookmark (HO)
)
(/usr/share/texmf-dist/tex/latex/letltxmacro/letltxmacro.sty
Package: letltxmacro 2019/12/03 v1.6 Let assignment for LaTeX macros (HO)
)
(/usr/share/texmf-dist/tex/latex/auxhook/auxhook.sty
Package: auxhook 2019-12-17 v1.6 Hooks for auxiliary files (HO)
)
(/usr/share/texmf-dist/tex/latex/kvoptions/kvoptions.sty
Package: kvoptions 2020-10-07 v3.14 Key value format for package options (HO)
)
\@linkdim=\dimen158
\Hy@linkcounter=\count269
\Hy@pagecounter=\count270

(/usr/share/texmf-dist/tex/latex/hyperref/pd1enc.def
File: pd1enc.def 2021-06-07 v7.00m Hyperref: PDFDocEncoding definition (HO)
Now handling font encoding PD1 ...
... no UTF-8 mapping file for font encoding PD1
)
(/usr/share/texmf-dist/tex/latex/hyperref/hyperref-langpatches.def
File: hyperref-langpatches.def 2021-06-07 v7.00m Hyperref: patches for babel la
nguages
)
(/usr/share/texmf-dist/tex/generic/intcalc/intcalc.sty
Package: intcalc 2019/12/15 v1.3 Expandable calculations with integers (HO)
)
(/usr/share/texmf-dist/tex/generic/etexcmds/etexcmds.sty
Package: etexcmds 2019/12/15 v1.7 Avoid name clashes with e-TeX commands (HO)
)
\Hy@SavedSpaceFactor=\count271

(/usr/share/texmf-dist/tex/latex/hyperref/puenc.def
File: puenc.def 2021-06-07 v7.00m Hyperref: PDF Unicode definition (HO)
Now handling font encoding PU ...
... no UTF-8 mapping file for font encoding PU
)
Package hyperref Info: Hyper figures OFF on input line 4192.
Package hyperref Info: Link nesting OFF on input line 4197.
Package hyperref Info: Hyper index ON on input line 4200.
Package hyperref Info: Plain pages OFF on input line 4207.
Package hyperref Info: Backreferencing OFF on input line 4212.
Package hyperref Info: Implicit mode ON; LaTeX internals redefined.
Package hyperref Info: Bookmarks ON on input line 4445.
\c@Hy@tempcnt=\count272
LaTeX Info: Redefining \url on input line 4804.
\XeTeXLinkMargin=\dimen159

(/usr/share/texmf-dist/tex/generic/bitset/bitset.sty
Package: bitset 2019/12/09 v1.3 Handle bit-vector datatype (HO)

(/usr/share/texmf-dist/tex/generic/bigintcalc/bigintcalc.sty
Package: bigintcalc 2019/12/15 v1.5 Expandable calculations on big integers (HO
)
))
\Fld@menulength=\count273
\Field@Width=\dimen160
\Fld@charsize=\dimen161
Package hyperref Info: Hyper figures OFF on input line 6076.
Package hyperref Info: Link nesting OFF on input line 6081.
Package hyperref Info: Hyper index ON on input line 6084.
Package hyperref Info: backreferencing OFF on input line 6091.
Package hyperref Info: Link coloring OFF on input line 6096.
Package hyperref Info: Link coloring with OCG OFF on input line 6101.
Package hyperref Info: PDF/A mode OFF on input line 6106.
LaTeX Info: Redefining \ref on input line 6146.
LaTeX Info: Redefining \pageref on input line 6150.

(/usr/share/texmf-dist/tex/latex/base/atbegshi-ltx.sty
Package: atbegshi-ltx 2021/01/10 v1.0c Emulation of the original atbegshi
package with kernel methods
)
\Hy@abspage=\count274
\c@Item=\count275
\c@Hfootnote=\count276
)
Package hyperref Info: Driver (autodetected): hpdftex.

(/usr/share/texmf-dist/tex/latex/hyperref/hpdftex.def
File: hpdftex.def 2021-06-07 v7.00m Hyperref driver for pdfTeX

(/usr/share/texmf-dist/tex/latex/base/atveryend-ltx.sty
Package: atveryend-ltx 2020/08/19 v1.0a Emulation of the original atveryend pac
kage
with kernel methods
)
\Fld@listcount=\count277
\c@bookmark@seq@number=\count278

(/usr/share/texmf-dist/tex/latex/rerunfilecheck/rerunfilecheck.sty
Package: rerunfilecheck 2019/12/05 v1.9 Rerun checks for auxiliary files (HO)

(/usr/share/texmf-dist/tex/generic/uniquecounter/uniquecounter.sty
Package: uniquecounter 2019/12/15 v1.4 Provide unlimited unique counter (HO)
)
Package uniquecounter Info: New unique counter `rerunfilecheck' on input line 2
86.
)
\Hy@SectionHShift=\skip86
)
(/usr/share/texmf-dist/tex/latex/biblatex/biblatex.sty
Package: biblatex 2020/12/31 v3.16 programmable bibliographies (PK/MW)

(/usr/share/texmf-dist/tex/latex/etoolbox/etoolbox.sty
Package: etoolbox 2020/10/05 v2.5k e-TeX tools for LaTeX (JAW)
\etb@tempcnta=\count279
)
(/usr/share/texmf-dist/tex/latex/logreq/logreq.sty
Package: logreq 2010/08/04 v1.0 xml request logger
\lrq@indent=\count280

(/usr/share/texmf-dist/tex/latex/logreq/logreq.def
File: logreq.def 2010/08/04 v1.0 logreq spec v1.0
))
(/usr/share/texmf-dist/tex/latex/base/ifthen.sty
Package: ifthen 2020/11/24 v1.1c Standard LaTeX ifthen package (DPC)
)
\c@tabx@nest=\count281
\c@listtotal=\count282
\c@listcount=\count283
\c@liststart=\count284
\c@liststop=\count285
\c@citecount=\count286
\c@citetotal=\count287
\c@multicitecount=\count288
\c@multicitetotal=\count289
\c@instcount=\count290
\c@maxnames=\count291
\c@minnames=\count292
\c@maxitems=\count293
\c@minitems=\count294
\c@citecounter=\count295
\c@maxcitecounter=\count296
\c@savedcitecounter=\count297
\c@uniquelist=\count298
\c@uniquename=\count299
\c@refsection=\count300
\c@refsegment=\count301
\c@maxextratitle=\count302
\c@maxextratitleyear=\count303
\c@maxextraname=\count304
\c@maxextradate=\count305
\c@maxextraalpha=\count306
\c@abbrvpenalty=\count307
\c@highnamepenalty=\count308
\c@lownamepenalty=\count309
\c@maxparens=\count310
\c@parenlevel=\count311
\blx@tempcnta=\count312
\blx@tempcntb=\count313
\blx@tempcntc=\count314
\blx@maxsection=\count315
\blx@maxsegment@0=\count316
\blx@notetype=\count317
\blx@parenlevel@text=\count318
\blx@parenlevel@foot=\count319
\blx@sectionciteorder@0=\count320
\blx@entrysetcounter=\count321
\blx@biblioinstance=\count322
\labelnumberwidth=\skip87
\labelalphawidth=\skip88
\biblabelsep=\skip89
\bibitemsep=\skip90
\bibnamesep=\skip91
\bibinitsep=\skip92
\bibparsep=\skip93
\bibhang=\skip94
\blx@bcfin=\read3
\blx@bcfout=\write3
\blx@langwohyphens=\language88
\c@mincomprange=\count323
\c@maxcomprange=\count324
\c@mincompwidth=\count325
Package biblatex Info: Trying to load biblatex default data model...
Package biblatex Info: ... file 'blx-dm.def' found.

(/usr/share/texmf-dist/tex/latex/biblatex/blx-dm.def
File: blx-dm.def 2020/12/31 v3.16 biblatex localization (PK/MW)
)
Package biblatex Info: Trying to load biblatex style data model...
Package biblatex Info: ... file 'ieee.dbx' not found.
Package biblatex Info: Trying to load biblatex custom data model...
Package biblatex Info: ... file 'biblatex-dm.cfg' not found.
\c@afterword=\count326
\c@savedafterword=\count327
\c@annotator=\count328
\c@savedannotator=\count329
\c@author=\count330
\c@savedauthor=\count331
\c@bookauthor=\count332
\c@savedbookauthor=\count333
\c@commentator=\count334
\c@savedcommentator=\count335
\c@editor=\count336
\c@savededitor=\count337
\c@editora=\count338
\c@savededitora=\count339
\c@editorb=\count340
\c@savededitorb=\count341
\c@editorc=\count342
\c@savededitorc=\count343
\c@foreword=\count344
\c@savedforeword=\count345
\c@holder=\count346
\c@savedholder=\count347
\c@introduction=\count348
\c@savedintroduction=\count349
\c@namea=\count350
\c@savednamea=\count351
\c@nameb=\count352
\c@savednameb=\count353
\c@namec=\count354
\c@savednamec=\count355
\c@translator=\count356
\c@savedtranslator=\count357
\c@shortauthor=\count358
\c@savedshortauthor=\count359
\c@shorteditor=\count360
\c@savedshorteditor=\count361
\c@labelname=\count362
\c@savedlabelname=\count363
\c@institution=\count364
\c@savedinstitution=\count365
\c@lista=\count366
\c@savedlista=\count367
\c@listb=\count368
\c@savedlistb=\count369
\c@listc=\count370
\c@savedlistc=\count371
\c@listd=\count372
\c@savedlistd=\count373
\c@liste=\count374
\c@savedliste=\count375
\c@listf=\count376
\c@savedlistf=\count377
\c@location=\count378
\c@savedlocation=\count379
\c@organization=\count380
\c@savedorganization=\count381
\c@origlocation=\count382
\c@savedoriglocation=\count383
\c@origpublisher=\count384
\c@savedorigpublisher=\count385
\c@publisher=\count386
\c@savedpublisher=\count387
\c@language=\count388
\c@savedlanguage=\count389
\c@origlanguage=\count390
\c@savedoriglanguage=\count391
\c@pageref=\count392
\c@savedpageref=\count393
\shorthandwidth=\skip95
\shortjournalwidth=\skip96
\shortserieswidth=\skip97
\shorttitlewidth=\skip98
\shortauthorwidth=\skip99
\shorteditorwidth=\skip100
\locallabelnumberwidth=\skip101
\locallabelalphawidth=\skip102
\localshorthandwidth=\skip103
\localshortjournalwidth=\skip104
\localshortserieswidth=\skip105
\localshorttitlewidth=\skip106
\localshortauthorwidth=\skip107
\localshorteditorwidth=\skip108
Package biblatex Info: Trying to load compatibility code...
Package biblatex Info: ... file 'blx-compat.def' found.

(/usr/share/texmf-dist/tex/latex/biblatex/blx-compat.def
File: blx-compat.def 2020/12/31 v3.16 biblatex compatibility (PK/MW)
)
Package biblatex Info: Trying to load generic definitions...
Package biblatex Info: ... file 'biblatex.def' found.

(/usr/share/texmf-dist/tex/latex/biblatex/biblatex.def
File: biblatex.def 2020/12/31 v3.16 biblatex compatibility (PK/MW)
\c@textcitecount=\count394
\c@textcitetotal=\count395
\c@textcitemaxnames=\count396
\c@biburlbigbreakpenalty=\count397
\c@biburlbreakpenalty=\count398
\c@biburlnumpenalty=\count399
\c@biburlucpenalty=\count400
\c@biburllcpenalty=\count401
\biburlbigskip=\muskip17
\biburlnumskip=\muskip18
\biburlucskip=\muskip19
\biburllcskip=\muskip20
\c@smartand=\count402
)
Package biblatex Info: Trying to load bibliography style 'ieee'...
Package biblatex Info: ... file 'ieee.bbx' found.

(/usr/share/texmf-dist/tex/latex/biblatex-ieee/ieee.bbx
File: ieee.bbx 2021/12/06 v1.3f biblatex bibliography style
Package biblatex Info: Trying to load bibliography style 'numeric-comp'...
Package biblatex Info: ... file 'numeric-comp.bbx' found.

(/usr/share/texmf-dist/tex/latex/biblatex/bbx/numeric-comp.bbx
File: numeric-comp.bbx 2020/12/31 v3.16 biblatex bibliography style (PK/MW)
Package biblatex Info: Trying to load bibliography style 'numeric'...
Package biblatex Info: ... file 'numeric.bbx' found.

(/usr/share/texmf-dist/tex/latex/biblatex/bbx/numeric.bbx
File: numeric.bbx 2020/12/31 v3.16 biblatex bibliography style (PK/MW)
Package biblatex Info: Trying to load bibliography style 'standard'...
Package biblatex Info: ... file 'standard.bbx' found.

(/usr/share/texmf-dist/tex/latex/biblatex/bbx/standard.bbx
File: standard.bbx 2020/12/31 v3.16 biblatex bibliography style (PK/MW)
\c@bbx:relatedcount=\count403
\c@bbx:relatedtotal=\count404
))))
Package biblatex Info: Trying to load citation style 'ieee'...
Package biblatex Info: ... file 'ieee.cbx' found.

(/usr/share/texmf-dist/tex/latex/biblatex-ieee/ieee.cbx
File: ieee.cbx 2021/12/06 v1.3f biblatex citation style
Package biblatex Info: Trying to load citation style 'numeric-comp'...
Package biblatex Info: ... file 'numeric-comp.cbx' found.

(/usr/share/texmf-dist/tex/latex/biblatex/cbx/numeric-comp.cbx
File: numeric-comp.cbx 2020/12/31 v3.16 biblatex citation style (PK/MW)
\c@cbx@tempcnta=\count405
\c@cbx@tempcntb=\count406
\c@cbx@tempcntc=\count407
\c@cbx@tempcntd=\count408
Package biblatex Info: Redefining '\cite'.
Package biblatex Info: Redefining '\parencite'.
Package biblatex Info: Redefining '\footcite'.
Package biblatex Info: Redefining '\footcitetext'.
Package biblatex Info: Redefining '\smartcite'.
Package biblatex Info: Redefining '\supercite'.
Package biblatex Info: Redefining '\textcite'.
Package biblatex Info: Redefining '\textcites'.
Package biblatex Info: Redefining '\cites'.
Package biblatex Info: Redefining '\parencites'.
Package biblatex Info: Redefining '\smartcites'.
)
Package biblatex Info: Redefining '\cite'.
Package biblatex Info: Redefining '\supercite'.
Package biblatex Info: Redefining '\cites'.
)
Package biblatex Info: Trying to load configuration file...
Package biblatex Info: ... file 'biblatex.cfg' found.

(/usr/share/texmf-dist/tex/latex/biblatex/biblatex.cfg
File: biblatex.cfg 
))
   defining Unicode char U+0301 (decimal 769)


Package biblatex Warning: 'babel/polyglossia' detected but 'csquotes' missing.
(biblatex)                Loading 'csquotes' recommended.

\@quotelevel=\count409
\@quotereset=\count410
LaTeX Font Info:    Trying to load font information for OT1+ptm on input line 4
7.
(/usr/share/texmf-dist/tex/latex/psnfss/ot1ptm.fd
File: ot1ptm.fd 2001/06/04 font definitions for OT1/ptm.
)
(/usr/share/texmf-dist/tex/latex/l3backend/l3backend-pdftex.def
File: l3backend-pdftex.def 2021-12-14 L3 backend support: PDF output (pdfTeX)
\l__color_backend_stack_int=\count411
\l__pdf_internal_box=\box56
)
(./proposal.aux)
\openout1 = `proposal.aux'.

LaTeX Font Info:    Checking defaults for OML/cmm/m/it on input line 47.
LaTeX Font Info:    ... okay on input line 47.
LaTeX Font Info:    Checking defaults for OMS/cmsy/m/n on input line 47.
LaTeX Font Info:    ... okay on input line 47.
LaTeX Font Info:    Checking defaults for OT1/cmr/m/n on input line 47.
LaTeX Font Info:    ... okay on input line 47.
LaTeX Font Info:    Checking defaults for T1/cmr/m/n on input line 47.
LaTeX Font Info:    ... okay on input line 47.
LaTeX Font Info:    Checking defaults for TS1/cmr/m/n on input line 47.
LaTeX Font Info:    ... okay on input line 47.
LaTeX Font Info:    Checking defaults for OMX/cmex/m/n on input line 47.
LaTeX Font Info:    ... okay on input line 47.
LaTeX Font Info:    Checking defaults for U/cmr/m/n on input line 47.
LaTeX Font Info:    ... okay on input line 47.
LaTeX Font Info:    Checking defaults for PD1/pdf/m/n on input line 47.
LaTeX Font Info:    ... okay on input line 47.
LaTeX Font Info:    Checking defaults for PU/pdf/m/n on input line 47.
LaTeX Font Info:    ... okay on input line 47.

*geometry* driver: auto-detecting
*geometry* detected driver: pdftex
*geometry* verbose mode - [ preamble ] result:
* driver: pdftex
* paper: a4paper
* layout: <same size as paper>
* layoutoffset:(h,v)=(0.0pt,0.0pt)
* modes: 
* h-part:(L,W,R)=(72.26999pt, 452.9679pt, 72.26999pt)
* v-part:(T,H,B)=(72.26999pt, 700.50687pt, 72.26999pt)
* \paperwidth=597.50787pt
* \paperheight=845.04684pt
* \textwidth=452.9679pt
* \textheight=700.50687pt
* \oddsidemargin=0.0pt
* \evensidemargin=0.0pt
* \topmargin=-37.0pt
* \headheight=12.0pt
* \headsep=25.0pt
* \topskip=12.0pt
* \footskip=36.135pt
* \marginparwidth=44.0pt
* \marginparsep=10.0pt
* \columnsep=10.0pt
* \skip\footins=10.8pt plus 4.0pt minus 2.0pt
* \hoffset=0.0pt
* \voffset=0.0pt
* \mag=1000
* \@twocolumnfalse
* \@twosidefalse
* \@mparswitchfalse
* \@reversemarginfalse
* (1in=72.27pt=25.4mm, 1cm=28.453pt)

(/usr/share/texmf-dist/tex/context/base/mkii/supp-pdf.mkii
[Loading MPS to PDF converter (version 2006.09.02).]
\scratchcounter=\count412
\scratchdimen=\dimen162
\scratchbox=\box57
\nofMPsegments=\count413
\nofMParguments=\count414
\everyMPshowfont=\toks27
\MPscratchCnt=\count415
\MPscratchDim=\dimen163
\MPnumerator=\count416
\makeMPintoPDFobject=\count417
\everyMPtoPDFconversion=\toks28
) (/usr/share/texmf-dist/tex/latex/epstopdf-pkg/epstopdf-base.sty
Package: epstopdf-base 2020-01-24 v2.11 Base part for package epstopdf

(/usr/share/texmf-dist/tex/latex/grfext/grfext.sty
Package: grfext 2019/12/03 v1.3 Manage graphics extensions (HO)
)
Package epstopdf-base Info: Redefining graphics rule for `.eps' on input line 4
85.
Package grfext Info: Graphics extension search list:
(grfext)             [.pdf,.png,.jpg,.mps,.jpeg,.jbig2,.jb2,.PDF,.PNG,.JPG,.JPE
G,.JBIG2,.JB2,.eps]
(grfext)             \AppendGraphicsExtensions on input line 504.

(/usr/share/texmf-dist/tex/latex/latexconfig/epstopdf-sys.cfg
File: epstopdf-sys.cfg 2010/07/13 v1.3 Configuration of (r)epstopdf for TeX Liv
e
))
Package hyperref Info: Link coloring OFF on input line 47.

(/usr/share/texmf-dist/tex/latex/hyperref/nameref.sty
Package: nameref 2021-04-02 v2.47 Cross-referencing by name of section

(/usr/share/texmf-dist/tex/latex/refcount/refcount.sty
Package: refcount 2019/12/15 v3.6 Data extraction from label references (HO)
)
(/usr/share/texmf-dist/tex/generic/gettitlestring/gettitlestring.sty
Package: gettitlestring 2019/12/15 v1.6 Cleanup title references (HO)
)
\c@section@level=\count418
)
LaTeX Info: Redefining \ref on input line 47.
LaTeX Info: Redefining \pageref on input line 47.
LaTeX Info: Redefining \nameref on input line 47.

(./proposal.out) (./proposal.out)
\@outlinefile=\write4
\openout4 = `proposal.out'.

Package biblatex Info: Trying to load language 'english'...
Package biblatex Info: ... file 'english.lbx' found.

(/usr/share/texmf-dist/tex/latex/biblatex/lbx/english.lbx
File: english.lbx 2020/12/31 v3.16 biblatex localization (PK/MW)
)
Package biblatex Info: Input encoding 'utf8' detected.
Package biblatex Info: Automatic encoding selection.
(biblatex)             Assuming data encoding 'utf8'.
Package biblatex Info: Document encoding is UTF8 ....

(/usr/share/texmf-dist/tex/latex/l3kernel/expl3.sty
Package: expl3 2021-11-22 L3 programming layer (loader) 
)
Package biblatex Info: ... and expl3
(biblatex)             2021-11-22 L3 programming layer (loader) 
(biblatex)             is new enough (at least 2020/04/06),
(biblatex)             setting 'casechanger=expl3'.

(/usr/share/texmf-dist/tex/latex/biblatex/blx-case-expl3.sty
(/usr/share/texmf-dist/tex/latex/l3packages/xparse/xparse.sty
Package: xparse 2021-11-12 L3 Experimental document command parser
)
Package: blx-case-expl3 2020/12/31 v3.16 expl3 case changing code for biblatex
)
\openout3 = `proposal.bcf'.

Package biblatex Info: Trying to load bibliographic data...
Package biblatex Info: ... file 'proposal.bbl' not found.

No file proposal.bbl.
Package biblatex Info: Reference section=0 on input line 47.
Package biblatex Info: Reference segment=0 on input line 47.
<../.img//cbeas-logo.png, id=4, 97.5645pt x 97.5645pt>
File: ../.img//cbeas-logo.png Graphic file (type png)
<use ../.img//cbeas-logo.png>
Package pdftex.def Info: ../.img//cbeas-logo.png  used on input line 61.
(pdftex.def)             Requested size: 181.18439pt x 181.18668pt.
[1

{/var/lib/texmf/fonts/map/pdftex/updmap/pdftex.map} <../.img//cbeas-logo.png>] 
[2]
Underfull \hbox (badness 10000) in paragraph at lines 111--127

 []

LaTeX Font Info:    External font `cmex10' loaded for size
(Font)              <12> on input line 128.
LaTeX Font Info:    External font `cmex10' loaded for size
(Font)              <8> on input line 128.
LaTeX Font Info:    External font `cmex10' loaded for size
(Font)              <6> on input line 128.
[1

] [2]
No file proposal.lof.
\tf@lof=\write5
\openout5 = `proposal.lof'.

No file proposal.lot.
\tf@lot=\write6
\openout6 = `proposal.lot'.

[3]
Underfull \hbox (badness 10000) in paragraph at lines 175--175
[]\OT1/ptm/b/n/17.28 Abbreviations|
 []


LaTeX Warning: Hyper reference `acro:ACC' on page iv undefined on input line 18
1.


LaTeX Warning: Hyper reference `acro:ACC' on page iv undefined on input line 18
1.


LaTeX Warning: Hyper reference `acro:AFNI' on page iv undefined on input line 1
82.


LaTeX Warning: Hyper reference `acro:AFNI' on page iv undefined on input line 1
82.


LaTeX Warning: Hyper reference `acro:ASN' on page iv undefined on input line 18
3.


LaTeX Warning: Hyper reference `acro:ASN' on page iv undefined on input line 18
3.


LaTeX Warning: Hyper reference `acro:BDI' on page iv undefined on input line 18
4.


LaTeX Warning: Hyper reference `acro:BDI' on page iv undefined on input line 18
4.


LaTeX Warning: Hyper reference `acro:BOLD' on page iv undefined on input line 1
85.


LaTeX Warning: Hyper reference `acro:BOLD' on page iv undefined on input line 1
85.


LaTeX Warning: Hyper reference `acro:CA' on page iv undefined on input line 186
.


LaTeX Warning: Hyper reference `acro:CA' on page iv undefined on input line 186
.


LaTeX Warning: Hyper reference `acro:DG' on page iv undefined on input line 187
.


LaTeX Warning: Hyper reference `acro:DG' on page iv undefined on input line 187
.


LaTeX Warning: Hyper reference `acro:DMN' on page iv undefined on input line 18
8.


LaTeX Warning: Hyper reference `acro:DMN' on page iv undefined on input line 18
8.


LaTeX Warning: Hyper reference `acro:DSM' on page iv undefined on input line 18
9.


LaTeX Warning: Hyper reference `acro:DSM' on page iv undefined on input line 18
9.


LaTeX Warning: Hyper reference `acro:EC' on page iv undefined on input line 190
.


LaTeX Warning: Hyper reference `acro:EC' on page iv undefined on input line 190
.


LaTeX Warning: Hyper reference `acro:ECN' on page iv undefined on input line 19
1.


LaTeX Warning: Hyper reference `acro:ECN' on page iv undefined on input line 19
1.


LaTeX Warning: Hyper reference `acro:EEG' on page iv undefined on input line 19
2.


LaTeX Warning: Hyper reference `acro:EEG' on page iv undefined on input line 19
2.


LaTeX Warning: Hyper reference `acro:fMRI' on page iv undefined on input line 1
93.


LaTeX Warning: Hyper reference `acro:fMRI' on page iv undefined on input line 1
93.


LaTeX Warning: Hyper reference `acro:HPA' on page iv undefined on input line 19
4.


LaTeX Warning: Hyper reference `acro:HPA' on page iv undefined on input line 19
4.


LaTeX Warning: Hyper reference `acro:ICA' on page iv undefined on input line 19
5.


LaTeX Warning: Hyper reference `acro:ICA' on page iv undefined on input line 19
5.


LaTeX Warning: Hyper reference `acro:ICD' on page iv undefined on input line 19
6.


LaTeX Warning: Hyper reference `acro:ICD' on page iv undefined on input line 19
6.


LaTeX Warning: Hyper reference `acro:MDD' on page iv undefined on input line 19
7.


LaTeX Warning: Hyper reference `acro:MDD' on page iv undefined on input line 19
7.


LaTeX Warning: Hyper reference `acro:MFC' on page iv undefined on input line 19
8.


LaTeX Warning: Hyper reference `acro:MFC' on page iv undefined on input line 19
8.


LaTeX Warning: Hyper reference `acro:MFG' on page iv undefined on input line 19
9.


LaTeX Warning: Hyper reference `acro:MFG' on page iv undefined on input line 19
9.


LaTeX Warning: Hyper reference `acro:MR' on page iv undefined on input line 200
.


LaTeX Warning: Hyper reference `acro:MR' on page iv undefined on input line 200
.


LaTeX Warning: Hyper reference `acro:OFC' on page iv undefined on input line 20
1.


LaTeX Warning: Hyper reference `acro:OFC' on page iv undefined on input line 20
1.


LaTeX Warning: Hyper reference `acro:PET' on page iv undefined on input line 20
2.


LaTeX Warning: Hyper reference `acro:PET' on page iv undefined on input line 20
2.


LaTeX Warning: Hyper reference `acro:PMC' on page iv undefined on input line 20
3.


LaTeX Warning: Hyper reference `acro:PMC' on page iv undefined on input line 20
3.


LaTeX Warning: Hyper reference `acro:rFPDD' on page iv undefined on input line 
204.


LaTeX Warning: Hyper reference `acro:rFPDD' on page iv undefined on input line 
204.


LaTeX Warning: Hyper reference `acro:ROI' on page iv undefined on input line 20
5.


LaTeX Warning: Hyper reference `acro:ROI' on page iv undefined on input line 20
5.


LaTeX Warning: Hyper reference `acro:rs' on page iv undefined on input line 206
.


LaTeX Warning: Hyper reference `acro:rs' on page iv undefined on input line 206
.


LaTeX Warning: Hyper reference `acro:rsFC' on page iv undefined on input line 2
07.


LaTeX Warning: Hyper reference `acro:rsFC' on page iv undefined on input line 2
07.

[4]

LaTeX Warning: Hyper reference `acro:SCA' on page v undefined on input line 208
.


LaTeX Warning: Hyper reference `acro:SCA' on page v undefined on input line 208
.


LaTeX Warning: Hyper reference `acro:SPECT' on page v undefined on input line 2
09.


LaTeX Warning: Hyper reference `acro:SPECT' on page v undefined on input line 2
09.


LaTeX Warning: Hyper reference `acro:sMRI' on page v undefined on input line 21
0.


LaTeX Warning: Hyper reference `acro:sMRI' on page v undefined on input line 21
0.


LaTeX Warning: Hyper reference `acro:SNRI' on page v undefined on input line 21
1.


LaTeX Warning: Hyper reference `acro:SNRI' on page v undefined on input line 21
1.


LaTeX Warning: Hyper reference `acro:SSRIs' on page v undefined on input line 2
12.


LaTeX Warning: Hyper reference `acro:SSRIs' on page v undefined on input line 2
12.


LaTeX Warning: Hyper reference `acro:vPFC' on page v undefined on input line 21
3.


LaTeX Warning: Hyper reference `acro:vPFC' on page v undefined on input line 21
3.

[5]
Package hyperref Info: bookmark level for unknown  defaults to 0 on input line 
222.

No file proposal.toc.
\tf@toc=\write7
\openout7 = `proposal.toc'.

[6]

LaTeX Warning: Citation 'whodepression' on page 1 undefined on input line 247.


LaTeX Warning: Citation 'whodepression' on page 1 undefined on input line 253.


LaTeX Warning: Citation 'neuroimaging' on page 1 undefined on input line 288.


LaTeX Warning: Citation 'fMRI' on page 1 undefined on input line 301.

pdfTeX warning (ext4): destination with the same identifier (name{page.1}) has 
been already used, duplicate ignored
<to be read again> 
                   \relax 
l.302 
       [1

]

LaTeX Warning: Citation 'estimatingLargeScaleNetworks' on page 2 undefined on i
nput line 312.

<../.img//brain-networks.png, id=86, 243.309pt x 212.4738pt>
File: ../.img//brain-networks.png Graphic file (type png)
<use ../.img//brain-networks.png>
Package pdftex.def Info: ../.img//brain-networks.png  used on input line 317.
(pdftex.def)             Requested size: 362.37569pt x 316.48582pt.

LaTeX Warning: Citation 'dorsalattentionfronto' on page 2 undefined on input li
ne 319.


LaTeX Warning: Citation 'Majorbrainnetworks' on page 2 undefined on input line 
319.

pdfTeX warning (ext4): destination with the same identifier (name{page.2}) has 
been already used, duplicate ignored
<to be read again> 
                   \relax 
l.322 \newpage
               [2 <../.img//brain-networks.png>]

LaTeX Warning: Citation 'serendipitousDMN' on page 3 undefined on input line 32
7.


LaTeX Warning: Citation 'saliencemetabolic' on page 3 undefined on input line 3
31.


LaTeX Warning: Citation 'functionalconnectivity' on page 3 undefined on input l
ine 331.


LaTeX Warning: Citation 'thomasorganization' on page 3 undefined on input line 
334.


LaTeX Warning: Citation 'frontoparietalAttentionFunc' on page 3 undefined on in
put line 337.


Overfull \hbox (100.95767pt too wide) in paragraph at lines 336--338
[]\OT1/ptm/b/n/12 Frontoparietal At-ten-tion Net-work: \OT1/ptm/m/n/12 Ini-ti-a
tes and mod-u-lates cog-ni-tive con-trol []. 
 []


LaTeX Warning: Citation 'heine2012resting' on page 3 undefined on input line 34
0.


LaTeX Warning: Citation 'brainvisual' on page 3 undefined on input line 343.


LaTeX Warning: Citation 'wikibrainnetworks' on page 3 undefined on input line 3
57.


LaTeX Warning: Citation 'functionalConnectivityNikin' on page 3 undefined on in
put line 366.


LaTeX Warning: Citation 'biswalsimultaneous' on page 3 undefined on input line 
371.


LaTeX Warning: Citation 'biswal1995functional' on page 3 undefined on input lin
e 377.


Overfull \hbox (8.2352pt too wide) in paragraph at lines 361--378
\OT1/ptm/m/n/12 to the com-mu-ni-ca-tion be tween func-tion-ally dis-tinct brai
n re-gions [].
 []

<../.img//rsfc.png, id=93, 302.8113pt x 145.5036pt>
File: ../.img//rsfc.png Graphic file (type png)
<use ../.img//rsfc.png>
Package pdftex.def Info: ../.img//rsfc.png  used on input line 381.
(pdftex.def)             Requested size: 362.37569pt x 174.14163pt.
[3]

LaTeX Warning: Citation 'frontiers:rsfc' on page 4 undefined on input line 390.



LaTeX Warning: Citation 'connectivityanalysis' on page 4 undefined on input lin
e 408.


LaTeX Warning: Citation 'resting' on page 4 undefined on input line 421.

[4 <../.img//rsfc.png>]
LaTeX Font Info:    Trying to load font information for TS1+ptm on input line 4
33.
 (/usr/share/texmf-dist/tex/latex/psnfss/ts1ptm.fd
File: ts1ptm.fd 2001/06/04 font definitions for TS1/ptm.
)
[5]

LaTeX Warning: Citation 'nobiochemicalbasis' on page 6 undefined on input line 
466.


LaTeX Warning: Citation 'noimagingbasis' on page 6 undefined on input line 466.



LaTeX Warning: Citation 'diagnosticbrainimaging' on page 6 undefined on input l
ine 488.


LaTeX Warning: Citation 'externalfactorsinMDD' on page 6 undefined on input lin
e 500.

[6]
<../.img//reverse-inference.png, id=128, 687.56876pt x 348.30125pt>
File: ../.img//reverse-inference.png Graphic file (type png)
<use ../.img//reverse-inference.png>
Package pdftex.def Info: ../.img//reverse-inference.png  used on input line 545
.
(pdftex.def)             Requested size: 452.9679pt x 229.45967pt.
 [7 <../.img//reverse-inference.png>] [8]

LaTeX Warning: Citation 'structuralbrainimaging' on page 9 undefined on input l
ine 598.


LaTeX Warning: Citation 'fMRIFuture' on page 9 undefined on input line 599.


LaTeX Warning: Citation 'rogersassessing' on page 9 undefined on input line 604
.


LaTeX Warning: Citation 'zhuo2019rise' on page 9 undefined on input line 632.

[9]

LaTeX Warning: Citation 'zhuo2019rise' on page 10 undefined on input line 645.


LaTeX Warning: Citation 'zhuo2019rise' on page 10 undefined on input line 647.


LaTeX Warning: Citation 'zhuo2019rise' on page 10 undefined on input line 647.


LaTeX Warning: Citation 'correlation' on page 10 undefined on input line 658.


Overfull \hbox (7.2761pt too wide) in paragraph at lines 656--661
\OT1/ptm/m/n/12 va-tion of the left hip-pocam-pus, mainly the amyg-dala and the
 parahip-pocam-pal gyrus [].
 []


LaTeX Warning: Citation 'homogeneity' on page 10 undefined on input line 675.


LaTeX Warning: Citation 'frontiers:rsfc' on page 10 undefined on input line 677
.


LaTeX Warning: Citation 'rightinsula' on page 10 undefined on input line 693.


LaTeX Warning: Citation 'cerebellum' on page 10 undefined on input line 708.


LaTeX Warning: Citation 'prefrontal' on page 10 undefined on input line 710.


LaTeX Warning: Citation 'pengetal' on page 10 undefined on input line 715.

[10]

LaTeX Warning: Citation 'memory' on page 11 undefined on input line 718.


LaTeX Warning: Citation 'emotion' on page 11 undefined on input line 718.


LaTeX Warning: Citation 'disruptedMDD' on page 11 undefined on input line 727.


LaTeX Warning: Citation 'controlsubject' on page 11 undefined on input line 730
.


LaTeX Warning: Citation 'cortisol' on page 11 undefined on input line 738.


LaTeX Warning: Citation 'stress' on page 11 undefined on input line 740.


LaTeX Warning: Citation 'learning' on page 11 undefined on input line 744.

[11]

LaTeX Warning: Citation 'hippocampal' on page 12 undefined on input line 755.


LaTeX Warning: Citation 'limbic' on page 12 undefined on input line 757.


LaTeX Warning: Citation 'hippocampalcircuitry' on page 12 undefined on input li
ne 760.

<../.img//hippocampal-circuitry.jpg, id=159, 246.6816pt x 134.4222pt>
File: ../.img//hippocampal-circuitry.jpg Graphic file (type jpg)
<use ../.img//hippocampal-circuitry.jpg>
Package pdftex.def Info: ../.img//hippocampal-circuitry.jpg  used on input line
 765.
(pdftex.def)             Requested size: 339.72592pt x 185.14182pt.

LaTeX Warning: Citation 'limbicsystem:hippocampus' on page 12 undefined on inpu
t line 781.


Overfull \hbox (80.52296pt too wide) in paragraph at lines 780--782
[]\OT1/ptm/m/n/12 Information flows into and through the hip-pocam-pus via. thr
ee prin-ci-pal path-ways []: 
 []


LaTeX Warning: Citation 'hippocampalca3' on page 12 undefined on input line 803
.

[12 <../.img//hippocampal-circuitry.jpg>]

LaTeX Warning: Citation 'LRbrainnetwork' on page 13 undefined on input line 842
.

[13]

LaTeX Warning: Citation 'model' on page 14 undefined on input line 871.


LaTeX Warning: Citation 'brainvolume' on page 14 undefined on input line 882.


LaTeX Warning: Citation 'effectMDD' on page 14 undefined on input line 890.


LaTeX Warning: Citation 'brainshrink' on page 14 undefined on input line 892.

[14]

LaTeX Warning: Citation 'effectMDD3' on page 15 undefined on input line 918.


LaTeX Warning: Citation 'zhuo2019rise' on page 15 undefined on input line 938.

[15]

LaTeX Warning: Citation 'dataset' on page 16 undefined on input line 983.

[16] [17]

LaTeX Warning: Citation 'dataset' on page 18 undefined on input line 1070.

[18]

LaTeX Warning: Citation 'coxafni' on page 19 undefined on input line 1116.

[19]

LaTeX Warning: Citation 'dataset' on page 20 undefined on input line 1165.


Overfull \hbox (9.58897pt too wide) in paragraph at lines 1182--1193
 [][] 
 []


LaTeX Warning: Citation 'ssdprice' on page 20 undefined on input line 1196.

[20]
<../.img//proposed-workflow.png, id=216, 891.33pt x 549.05125pt>
File: ../.img//proposed-workflow.png Graphic file (type png)
<use ../.img//proposed-workflow.png>
Package pdftex.def Info: ../.img//proposed-workflow.png  used on input line 120
8.
(pdftex.def)             Requested size: 452.9679pt x 279.02385pt.
 [21 <../.img//proposed-workflow.png>]

LaTeX Warning: Empty bibliography on input line 1230.

[22] (./proposal.aux)

LaTeX Warning: There were undefined references.


Package rerunfilecheck Warning: File `proposal.out' has changed.
(rerunfilecheck)                Rerun to get outlines right
(rerunfilecheck)                or use package `bookmark'.

Package rerunfilecheck Info: Checksums for `proposal.out':
(rerunfilecheck)             Before: D41D8CD98F00B204E9800998ECF8427E;0
(rerunfilecheck)             After:  27D443D0DA3735FB4356297A9057A664;6301.

Package biblatex Warning: Please (re)run Biber on the file:
(biblatex)                proposal
(biblatex)                and rerun LaTeX afterwards.

Package logreq Info: Writing requests to 'proposal.run.xml'.
\openout1 = `proposal.run.xml'.

 ) 
Here is how much of TeX's memory you used:
 19207 strings out of 478353
 333101 string characters out of 5854635
 1067911 words of memory out of 5000000
 36977 multiletter control sequences out of 15000+600000
 423188 words of font info for 58 fonts, out of 8000000 for 9000
 1141 hyphenation exceptions out of 8191
 60i,11n,63p,1029b,1728s stack positions out of 5000i,500n,10000p,200000b,80000s
{/usr/share/texmf-dist/fonts/enc/dvips/base/8r.enc}</usr/share/texmf-dist/fon
ts/type1/public/amsfonts/cm/cmsy10.pfb></usr/share/texmf-dist/fonts/type1/urw/t
imes/utmb8a.pfb></usr/share/texmf-dist/fonts/type1/urw/times/utmbi8a.pfb></usr/
share/texmf-dist/fonts/type1/urw/times/utmr8a.pfb></usr/share/texmf-dist/fonts/
type1/urw/times/utmri8a.pfb>
Output written on proposal.pdf (30 pages, 1470475 bytes).
PDF statistics:
 279 PDF objects out of 1000 (max. 8388607)
 224 compressed objects within 3 object streams
 114 named destinations out of 1000 (max. 500000)
 31 words of extra memory for PDF output out of 10000 (max. 10000000)

