\BOOKMARK [1][-]{Doc-Start}{\376\377\000P\000r\000e\000f\000a\000c\000e}{}% 1
\BOOKMARK [1][-]{Doc-Start}{\376\377\000A\000b\000s\000t\000r\000a\000c\000t}{}% 2
\BOOKMARK [1][-]{Doc-Start}{\376\377\000L\000i\000s\000t\000\040\000o\000f\000\040\000F\000i\000g\000u\000r\000e\000s}{}% 3
\BOOKMARK [1][-]{Doc-Start}{\376\377\000L\000i\000s\000t\000\040\000o\000f\000\040\000T\000a\000b\000l\000e\000s}{}% 4
\BOOKMARK [1][-]{Doc-Start}{\376\377\000A\000b\000b\000r\000e\000v\000i\000a\000t\000i\000o\000n\000s}{}% 5
\BOOKMARK [1][-]{section.1}{\376\377\000I\000n\000t\000r\000o\000d\000u\000c\000t\000i\000o\000n}{}% 6
\BOOKMARK [2][-]{subsection.1.1}{\376\377\000B\000a\000c\000k\000g\000r\000o\000u\000n\000d}{section.1}% 7
\BOOKMARK [2][-]{subsection.1.2}{\376\377\000R\000a\000t\000i\000o\000n\000a\000l\000e}{section.1}% 8
\BOOKMARK [1][-]{section.2}{\376\377\000M\000e\000t\000h\000o\000d\000o\000l\000o\000g\000y}{}% 9
\BOOKMARK [2][-]{subsection.2.1}{\376\377\000f\000M\000R\000I\000\040\000D\000a\000t\000a\000\040\000S\000e\000l\000e\000c\000t\000i\000o\000n\000\040\000a\000n\000d\000\040\000S\000t\000a\000t\000i\000s\000t\000i\000c\000a\000l\000\040\000A\000n\000a\000l\000y\000s\000i\000s}{section.2}% 10
\BOOKMARK [3][-]{subsubsection.2.1.1}{\376\377\000C\000h\000i\000-\000s\000q\000u\000a\000r\000e\000d\000\040\000t\000e\000s\000t}{subsection.2.1}% 11
\BOOKMARK [3][-]{subsubsection.2.1.2}{\376\377\000t\000-\000t\000e\000s\000t}{subsection.2.1}% 12
\BOOKMARK [2][-]{subsection.2.2}{\376\377\000D\000a\000t\000a\000\040\000C\000o\000n\000v\000e\000r\000s\000i\000o\000n}{section.2}% 13
\BOOKMARK [2][-]{subsection.2.3}{\376\377\000S\000k\000u\000l\000l\000\040\000s\000t\000r\000i\000p\000p\000i\000n\000g\000\040\000o\000f\000\040\000r\000s\000f\000m\000r\000i\000\040\000I\000m\000a\000g\000e\000s}{section.2}% 14
\BOOKMARK [2][-]{subsection.2.4}{\376\377\000I\000m\000a\000g\000e\000\040\000S\000e\000g\000m\000e\000n\000t\000a\000t\000i\000o\000n}{section.2}% 15
\BOOKMARK [3][-]{subsubsection.2.4.1}{\376\377\000O\000c\000t\000a\000v\000e}{subsection.2.4}% 16
\BOOKMARK [3][-]{subsubsection.2.4.2}{\376\377\000S\000P\000M\0001\0002}{subsection.2.4}% 17
\BOOKMARK [3][-]{subsubsection.2.4.3}{\376\377\000I\000m\000a\000g\000e\000\040\000S\000e\000g\000m\000e\000n\000t\000a\000t\000i\000o\000n\000\040\000P\000r\000o\000c\000e\000s\000s}{subsection.2.4}% 18
\BOOKMARK [3][-]{subsubsection.2.4.4}{\376\377\000I\000m\000a\000g\000e\000\040\000S\000e\000g\000m\000e\000n\000t\000a\000t\000i\000o\000n\000\040\000A\000l\000g\000o\000r\000i\000t\000h\000m\000s}{subsection.2.4}% 19
\BOOKMARK [3][-]{subsubsection.2.4.5}{\376\377\000D\000A\000R\000T\000E\000L}{subsection.2.4}% 20
\BOOKMARK [2][-]{subsection.2.5}{\376\377\000I\000m\000a\000g\000e\000\040\000P\000r\000e\000p\000r\000o\000c\000e\000s\000s\000i\000n\000g}{section.2}% 21
\BOOKMARK [3][-]{subsubsection.2.5.1}{\376\377\000A\000F\000N\000I}{subsection.2.5}% 22
\BOOKMARK [1][-]{section.3}{\376\377\000R\000e\000s\000u\000l\000t\000s\000\040\000a\000n\000d\000\040\000D\000i\000s\000c\000u\000s\000s\000i\000o\000n\000s}{}% 23
\BOOKMARK [2][-]{subsection.3.1}{\376\377\000D\000a\000t\000a\000\040\000S\000e\000l\000e\000c\000t\000i\000o\000n\000\040\000a\000n\000d\000\040\000C\000o\000n\000v\000e\000r\000s\000i\000o\000n}{section.3}% 24
\BOOKMARK [2][-]{subsection.3.2}{\376\377\000S\000k\000u\000l\000l\000\040\000S\000t\000r\000i\000p\000i\000n\000g}{section.3}% 25
\BOOKMARK [1][-]{section.4}{\376\377\000C\000o\000n\000c\000l\000u\000s\000i\000o\000n\000\040\000a\000n\000d\000\040\000F\000u\000r\000t\000h\000e\000r\000\040\000W\000o\000r\000k}{}% 26
\BOOKMARK [1][-]{section.4}{\376\377\000R\000e\000f\000e\000r\000e\000n\000c\000e\000s}{}% 27
\BOOKMARK [1][-]{section.4}{\376\377\000A\000p\000p\000e\000n\000d\000i\000x}{}% 28
\BOOKMARK [1][-]{appendix.A}{\376\377\000H\000e\000l\000l\000o}{}% 29
